# JRE version: Java(TM) SE Runtime Environment (8.0_231-b11) (build 1.8.0_231-b11)
# Java VM: Java HotSpot(TM) 64-Bit Server VM (25.231-b11 mixed mode windows-amd64 compressed oops)
Heap:
 PSYoungGen      total 138752K, used 49151K [0x00000000d6200000, 0x00000000e4180000, 0x0000000100000000)
  eden space 131072K, 31% used [0x00000000d6200000,0x00000000d8a843c0,0x00000000de200000)
  from space 7680K, 99% used [0x00000000de200000,0x00000000de97b8c8,0x00000000de980000)
  to   space 10240K, 0% used [0x00000000e3780000,0x00000000e3780000,0x00000000e4180000)
 ParOldGen       total 51712K, used 8172K [0x0000000082600000, 0x0000000085880000, 0x00000000d6200000)
  object space 51712K, 15% used [0x0000000082600000,0x0000000082dfb208,0x0000000085880000)
 Metaspace       used 32547K, capacity 34260K, committed 34560K, reserved 1079296K
  class space    used 3996K, capacity 4300K, committed 4352K, reserved 1048576K
GC Heap History (10 events):
Event: 1.573 GC heap before
{Heap before GC invocations=4 (full 0):
 PSYoungGen      total 37888K, used 37875K [0x00000000d6200000, 0x00000000dac00000, 0x0000000100000000)
  eden space 32768K, 100% used [0x00000000d6200000,0x00000000d8200000,0x00000000d8200000)
  from space 5120K, 99% used [0x00000000d8200000,0x00000000d86fcce8,0x00000000d8700000)
  to   space 5120K, 0% used [0x00000000da700000,0x00000000da700000,0x00000000dac00000)
 ParOldGen       total 86016K, used 32K [0x0000000082600000, 0x0000000087a00000, 0x00000000d6200000)
  object space 86016K, 0% used [0x0000000082600000,0x0000000082608000,0x0000000087a00000)
 Metaspace       used 16656K, capacity 17092K, committed 17280K, reserved 1064960K
  class space    used 1984K, capacity 2124K, committed 2176K, reserved 1048576K
Event: 1.579 GC heap after
Heap after GC invocations=4 (full 0):
 PSYoungGen      total 70656K, used 5090K [0x00000000d6200000, 0x00000000dac00000, 0x0000000100000000)
  eden space 65536K, 0% used [0x00000000d6200000,0x00000000d6200000,0x00000000da200000)
  from space 5120K, 99% used [0x00000000da700000,0x00000000dabf8ab8,0x00000000dac00000)
  to   space 5120K, 0% used [0x00000000da200000,0x00000000da200000,0x00000000da700000)
 ParOldGen       total 86016K, used 450K [0x0000000082600000, 0x0000000087a00000, 0x00000000d6200000)
  object space 86016K, 0% used [0x0000000082600000,0x0000000082670a18,0x0000000087a00000)
 Metaspace       used 16656K, capacity 17092K, committed 17280K, reserved 1064960K
  class space    used 1984K, capacity 2124K, committed 2176K, reserved 1048576K
}
Event: 2.180 GC heap before
{Heap before GC invocations=5 (full 0):
 PSYoungGen      total 70656K, used 70626K [0x00000000d6200000, 0x00000000dac00000, 0x0000000100000000)
  eden space 65536K, 100% used [0x00000000d6200000,0x00000000da200000,0x00000000da200000)
  from space 5120K, 99% used [0x00000000da700000,0x00000000dabf8ab8,0x00000000dac00000)
  to   space 5120K, 0% used [0x00000000da200000,0x00000000da200000,0x00000000da700000)
 ParOldGen       total 86016K, used 450K [0x0000000082600000, 0x0000000087a00000, 0x00000000d6200000)
  object space 86016K, 0% used [0x0000000082600000,0x0000000082670a18,0x0000000087a00000)
 Metaspace       used 20249K, capacity 20960K, committed 21120K, reserved 1067008K
  class space    used 2490K, capacity 2662K, committed 2688K, reserved 1048576K
Event: 2.189 GC heap after
Heap after GC invocations=5 (full 0):
 PSYoungGen      total 70656K, used 5090K [0x00000000d6200000, 0x00000000df200000, 0x0000000100000000)
  eden space 65536K, 0% used [0x00000000d6200000,0x00000000d6200000,0x00000000da200000)
  from space 5120K, 99% used [0x00000000da200000,0x00000000da6f8a98,0x00000000da700000)
  to   space 8192K, 0% used [0x00000000dea00000,0x00000000dea00000,0x00000000df200000)
 ParOldGen       total 86016K, used 3008K [0x0000000082600000, 0x0000000087a00000, 0x00000000d6200000)
  object space 86016K, 3% used [0x0000000082600000,0x00000000828f0000,0x0000000087a00000)
 Metaspace       used 20249K, capacity 20960K, committed 21120K, reserved 1067008K
  class space    used 2490K, capacity 2662K, committed 2688K, reserved 1048576K
}
Event: 2.347 GC heap before
{Heap before GC invocations=6 (full 0):
 PSYoungGen      total 70656K, used 45758K [0x00000000d6200000, 0x00000000df200000, 0x0000000100000000)
  eden space 65536K, 62% used [0x00000000d6200000,0x00000000d89b6ef8,0x00000000da200000)
  from space 5120K, 99% used [0x00000000da200000,0x00000000da6f8a98,0x00000000da700000)
  to   space 8192K, 0% used [0x00000000dea00000,0x00000000dea00000,0x00000000df200000)
 ParOldGen       total 86016K, used 3008K [0x0000000082600000, 0x0000000087a00000, 0x00000000d6200000)
  object space 86016K, 3% used [0x0000000082600000,0x00000000828f0000,0x0000000087a00000)
 Metaspace       used 20555K, capacity 21226K, committed 21296K, reserved 1069056K
  class space    used 2513K, capacity 2671K, committed 2688K, reserved 1048576K
Event: 2.354 GC heap after
Heap after GC invocations=6 (full 0):
 PSYoungGen      total 138240K, used 5087K [0x00000000d6200000, 0x00000000df100000, 0x0000000100000000)
  eden space 131072K, 0% used [0x00000000d6200000,0x00000000d6200000,0x00000000de200000)
  from space 7168K, 70% used [0x00000000dea00000,0x00000000deef7d98,0x00000000df100000)
  to   space 7680K, 0% used [0x00000000de200000,0x00000000de200000,0x00000000de980000)
 ParOldGen       total 86016K, used 3016K [0x0000000082600000, 0x0000000087a00000, 0x00000000d6200000)
  object space 86016K, 3% used [0x0000000082600000,0x00000000828f2000,0x0000000087a00000)
 Metaspace       used 20555K, capacity 21226K, committed 21296K, reserved 1069056K
  class space    used 2513K, capacity 2671K, committed 2688K, reserved 1048576K
}
Event: 2.354 GC heap before
{Heap before GC invocations=7 (full 1):
 PSYoungGen      total 138240K, used 5087K [0x00000000d6200000, 0x00000000df100000, 0x0000000100000000)
  eden space 131072K, 0% used [0x00000000d6200000,0x00000000d6200000,0x00000000de200000)
  from space 7168K, 70% used [0x00000000dea00000,0x00000000deef7d98,0x00000000df100000)
  to   space 7680K, 0% used [0x00000000de200000,0x00000000de200000,0x00000000de980000)
 ParOldGen       total 86016K, used 3016K [0x0000000082600000, 0x0000000087a00000, 0x00000000d6200000)
  object space 86016K, 3% used [0x0000000082600000,0x00000000828f2000,0x0000000087a00000)
 Metaspace       used 20555K, capacity 21226K, committed 21296K, reserved 1069056K
  class space    used 2513K, capacity 2671K, committed 2688K, reserved 1048576K
Event: 2.385 GC heap after
Heap after GC invocations=7 (full 1):
 PSYoungGen      total 138240K, used 0K [0x00000000d6200000, 0x00000000df100000, 0x0000000100000000)
  eden space 131072K, 0% used [0x00000000d6200000,0x00000000d6200000,0x00000000de200000)
  from space 7168K, 0% used [0x00000000dea00000,0x00000000dea00000,0x00000000df100000)
  to   space 7680K, 0% used [0x00000000de200000,0x00000000de200000,0x00000000de980000)
 ParOldGen       total 51712K, used 4889K [0x0000000082600000, 0x0000000085880000, 0x00000000d6200000)
  object space 51712K, 9% used [0x0000000082600000,0x0000000082ac66a0,0x0000000085880000)
 Metaspace       used 20553K, capacity 21220K, committed 21296K, reserved 1069056K
  class space    used 2513K, capacity 2670K, committed 2688K, reserved 1048576K
}
Event: 6.661 GC heap before
{Heap before GC invocations=8 (full 1):
 PSYoungGen      total 138240K, used 131072K [0x00000000d6200000, 0x00000000df100000, 0x0000000100000000)
  eden space 131072K, 100% used [0x00000000d6200000,0x00000000de200000,0x00000000de200000)
  from space 7168K, 0% used [0x00000000dea00000,0x00000000dea00000,0x00000000df100000)
  to   space 7680K, 0% used [0x00000000de200000,0x00000000de200000,0x00000000de980000)
 ParOldGen       total 51712K, used 4889K [0x0000000082600000, 0x0000000085880000, 0x00000000d6200000)
  object space 51712K, 9% used [0x0000000082600000,0x0000000082ac66a0,0x0000000085880000)
 Metaspace       used 29360K, capacity 31004K, committed 31104K, reserved 1077248K
  class space    used 3673K, capacity 3956K, committed 3968K, reserved 1048576K
Event: 6.673 GC heap after
Heap after GC invocations=8 (full 1):
 PSYoungGen      total 138752K, used 7662K [0x00000000d6200000, 0x00000000e4180000, 0x0000000100000000)
  eden space 131072K, 0% used [0x00000000d6200000,0x00000000d6200000,0x00000000de200000)
  from space 7680K, 99% used [0x00000000de200000,0x00000000de97b8c8,0x00000000de980000)
  to   space 10240K, 0% used [0x00000000e3780000,0x00000000e3780000,0x00000000e4180000)
 ParOldGen       total 51712K, used 8172K [0x0000000082600000, 0x0000000085880000, 0x00000000d6200000)
  object space 51712K, 15% used [0x0000000082600000,0x0000000082dfb208,0x0000000085880000)
 Metaspace       used 29360K, capacity 31004K, committed 31104K, reserved 1077248K
  class space    used 3673K, capacity 3956K, committed 3968K, reserved 1048576K
}

